<?xml version="1.0" encoding="UTF-8"?>
<!-- Generated by org.testng.reporters.JUnitXMLReporter -->
<testsuite ignored="0" hostname="AKSHAY" failures="1" tests="7" name="chrome" time="32.303" errors="0" timestamp="2023-07-21T11:19:32 IST">
  <testcase classname="testNGExecution.TestMethod1" name="testMethod1" time="0.018"/>
  <testcase classname="testNGExecution.TestMethod1" name="testMethod2" time="0.003"/>
  <testcase classname="testNGExecution.testMethod5" name="testMethod5" time="0.003"/>
  <testcase classname="testNGExecution.testMethod5" name="testMethod6" time="0.003"/>
  <testcase classname="testNGExecution.testMethod3" name="testMethod3" time="0.002"/>
  <testcase classname="testNGExecution.testMethod3" name="testMethod4" time="0.002"/>
  <testcase classname="testNGExecution.selectBrowser" name="testMethod" time="32.157">
    <failure type="org.openqa.selenium.NoSuchElementException" message="no such element: Unable to locate element: {&amp;quot;method&amp;quot;:&amp;quot;css selector&amp;quot;,&amp;quot;selector&amp;quot;:&amp;quot;#loginButon&amp;quot;}
  (Session info: chrome=115.0.5790.99)
For documentation on this error, please visit: https://selenium.dev/exceptions/#no_such_element
Build info: version: &amp;apos;4.9.0&amp;apos;, revision: &amp;apos;d7057100a6&amp;apos;
System info: os.name: &amp;apos;Windows 11&amp;apos;, os.arch: &amp;apos;amd64&amp;apos;, os.version: &amp;apos;10.0&amp;apos;, java.version: &amp;apos;20.0.1&amp;apos;
Driver info: org.openqa.selenium.chrome.ChromeDriver
Command: [d11976d7db2978d96bc154b1e92eaa2f, findElement {using=id, value=loginButon}]
Capabilities {acceptInsecureCerts: false, browserName: chrome, browserVersion: 115.0.5790.99, chrome: {chromedriverVersion: 114.0.5735.90 (386bc09e8f4f..., userDataDir: C:\Users\manka\AppData\Loca...}, goog:chromeOptions: {debuggerAddress: localhost:64546}, networkConnectionEnabled: false, pageLoadStrategy: normal, platformName: WINDOWS, proxy: Proxy(), se:cdp: ws://localhost:64546/devtoo..., se:cdpVersion: 115.0.5790.99, setWindowRect: true, strictFileInteractability: false, timeouts: {implicit: 0, pageLoad: 300000, script: 30000}, unhandledPromptBehavior: dismiss and notify, webauthn:extension:credBlob: true, webauthn:extension:largeBlob: true, webauthn:extension:minPinLength: true, webauthn:extension:prf: true, webauthn:virtualAuthenticators: true}
Session ID: d11976d7db2978d96bc154b1e92eaa2f">
      <![CDATA[org.openqa.selenium.NoSuchElementException: no such element: Unable to locate element: {"method":"css selector","selector":"#loginButon"}
  (Session info: chrome=115.0.5790.99)
For documentation on this error, please visit: https://selenium.dev/exceptions/#no_such_element
Build info: version: '4.9.0', revision: 'd7057100a6'
System info: os.name: 'Windows 11', os.arch: 'amd64', os.version: '10.0', java.version: '20.0.1'
Driver info: org.openqa.selenium.chrome.ChromeDriver
Command: [d11976d7db2978d96bc154b1e92eaa2f, findElement {using=id, value=loginButon}]
Capabilities {acceptInsecureCerts: false, browserName: chrome, browserVersion: 115.0.5790.99, chrome: {chromedriverVersion: 114.0.5735.90 (386bc09e8f4f..., userDataDir: C:\Users\manka\AppData\Loca...}, goog:chromeOptions: {debuggerAddress: localhost:64546}, networkConnectionEnabled: false, pageLoadStrategy: normal, platformName: WINDOWS, proxy: Proxy(), se:cdp: ws://localhost:64546/devtoo..., se:cdpVersion: 115.0.5790.99, setWindowRect: true, strictFileInteractability: false, timeouts: {implicit: 0, pageLoad: 300000, script: 30000}, unhandledPromptBehavior: dismiss and notify, webauthn:extension:credBlob: true, webauthn:extension:largeBlob: true, webauthn:extension:minPinLength: true, webauthn:extension:prf: true, webauthn:virtualAuthenticators: true}
Session ID: d11976d7db2978d96bc154b1e92eaa2f
at org.openqa.selenium.remote.codec.w3c.W3CHttpResponseCodec.createException(W3CHttpResponseCodec.java:200)
at org.openqa.selenium.remote.codec.w3c.W3CHttpResponseCodec.decode(W3CHttpResponseCodec.java:133)
at org.openqa.selenium.remote.codec.w3c.W3CHttpResponseCodec.decode(W3CHttpResponseCodec.java:53)
at org.openqa.selenium.remote.HttpCommandExecutor.execute(HttpCommandExecutor.java:193)
at org.openqa.selenium.remote.service.DriverCommandExecutor.invokeExecute(DriverCommandExecutor.java:183)
at org.openqa.selenium.remote.service.DriverCommandExecutor.execute(DriverCommandExecutor.java:158)
at org.openqa.selenium.remote.RemoteWebDriver.execute(RemoteWebDriver.java:543)
at org.openqa.selenium.remote.ElementLocation$ElementFinder$2.findElement(ElementLocation.java:162)
at org.openqa.selenium.remote.ElementLocation.findElement(ElementLocation.java:66)
at org.openqa.selenium.remote.RemoteWebDriver.findElement(RemoteWebDriver.java:352)
at org.openqa.selenium.remote.RemoteWebDriver.findElement(RemoteWebDriver.java:344)
at testNGExecution.selectBrowser.testMethod(selectBrowser.java:26)
at java.base/java.util.ArrayList.forEach(ArrayList.java:1511)
... Removed 28 stack frames]]>
    </failure>
  </testcase> <!-- testMethod -->
</testsuite> <!-- chrome -->
